<?xml version="1.0" encoding="UTF-8" ?>
<testsuite tests="3" failures="0" name="com.packt.springhighperformance.ch03.bankingapp.test.TestSpringProxy" time="0.545" errors="0" skipped="0">
  <properties>
[...]
</properties>
  <testcase classname="com.packt.springhighperformance.ch03.bankingapp.test.TestSpringProxy" name="testJDKProxy" time="0.354"/>
  <testcase classname="com.packt.springhighperformance.ch03.bankingapp.test.TestSpringProxy" name="testCGLIBProxy" time="0.045"/>
  <testcase classname="com.packt.springhighperformance.ch03.bankingapp.test.TestSpringProxy" name="testProxyFactoryBean" time="0.146"/>
</testsuite>